30397485.0
         161801 function calls in 0.052 seconds

   Ordered by: standard name

   ncalls  tottime  percall  cumtime  percall filename:lineno(function)
        1    0.000    0.000    0.000    0.000 <frozen importlib._bootstrap>:1009(_handle_fromlist)
        1    0.000    0.000    0.000    0.000 <frozen importlib._bootstrap>:103(release)
        1    0.000    0.000    0.000    0.000 <frozen importlib._bootstrap>:143(__init__)
        1    0.000    0.000    0.000    0.000 <frozen importlib._bootstrap>:147(__enter__)
        1    0.000    0.000    0.000    0.000 <frozen importlib._bootstrap>:151(__exit__)
        1    0.000    0.000    0.000    0.000 <frozen importlib._bootstrap>:157(_get_module_lock)
        1    0.000    0.000    0.000    0.000 <frozen importlib._bootstrap>:176(cb)
        2    0.000    0.000    0.000    0.000 <frozen importlib._bootstrap>:211(_call_with_frames_removed)
       34    0.000    0.000    0.000    0.000 <frozen importlib._bootstrap>:222(_verbose_message)
        1    0.000    0.000    0.000    0.000 <frozen importlib._bootstrap>:307(__init__)
        1    0.000    0.000    0.000    0.000 <frozen importlib._bootstrap>:311(__enter__)
        1    0.000    0.000    0.000    0.000 <frozen importlib._bootstrap>:318(__exit__)
        4    0.000    0.000    0.000    0.000 <frozen importlib._bootstrap>:321(<genexpr>)
        1    0.000    0.000    0.000    0.000 <frozen importlib._bootstrap>:369(__init__)
        1    0.000    0.000    0.000    0.000 <frozen importlib._bootstrap>:403(cached)
        1    0.000    0.000    0.000    0.000 <frozen importlib._bootstrap>:416(parent)
        1    0.000    0.000    0.000    0.000 <frozen importlib._bootstrap>:424(has_location)
        1    0.000    0.000    0.000    0.000 <frozen importlib._bootstrap>:504(_init_module_attrs)
        1    0.000    0.000    0.000    0.000 <frozen importlib._bootstrap>:576(module_from_spec)
        1    0.000    0.000    0.000    0.000 <frozen importlib._bootstrap>:58(__init__)
        1    0.000    0.000    0.000    0.000 <frozen importlib._bootstrap>:663(_load_unlocked)
        1    0.000    0.000    0.000    0.000 <frozen importlib._bootstrap>:719(find_spec)
        1    0.000    0.000    0.000    0.000 <frozen importlib._bootstrap>:78(acquire)
        1    0.000    0.000    0.000    0.000 <frozen importlib._bootstrap>:792(find_spec)
        3    0.000    0.000    0.000    0.000 <frozen importlib._bootstrap>:855(__enter__)
        3    0.000    0.000    0.000    0.000 <frozen importlib._bootstrap>:859(__exit__)
        1    0.000    0.000    0.000    0.000 <frozen importlib._bootstrap>:882(_find_spec)
        1    0.000    0.000    0.000    0.000 <frozen importlib._bootstrap>:948(_find_and_load_unlocked)
        1    0.000    0.000    0.000    0.000 <frozen importlib._bootstrap>:978(_find_and_load)
        1    0.000    0.000    0.000    0.000 <frozen importlib._bootstrap_external>:1029(__init__)
        1    0.000    0.000    0.000    0.000 <frozen importlib._bootstrap_external>:1040(create_module)
        1    0.000    0.000    0.000    0.000 <frozen importlib._bootstrap_external>:1048(exec_module)
        8    0.000    0.000    0.000    0.000 <frozen importlib._bootstrap_external>:1203(_path_importer_cache)
        1    0.000    0.000    0.000    0.000 <frozen importlib._bootstrap_external>:1240(_get_spec)
        1    0.000    0.000    0.000    0.000 <frozen importlib._bootstrap_external>:1272(find_spec)
        1    0.000    0.000    0.000    0.000 <frozen importlib._bootstrap_external>:1351(_get_spec)
        7    0.000    0.000    0.000    0.000 <frozen importlib._bootstrap_external>:1356(find_spec)
        1    0.000    0.000    0.000    0.000 <frozen importlib._bootstrap_external>:369(_get_cached)
        7    0.000    0.000    0.000    0.000 <frozen importlib._bootstrap_external>:40(_relax_case)
       31    0.000    0.000    0.000    0.000 <frozen importlib._bootstrap_external>:56(_path_join)
        1    0.000    0.000    0.000    0.000 <frozen importlib._bootstrap_external>:574(spec_from_file_location)
       31    0.000    0.000    0.000    0.000 <frozen importlib._bootstrap_external>:58(<listcomp>)
        8    0.000    0.000    0.000    0.000 <frozen importlib._bootstrap_external>:74(_path_stat)
        1    0.000    0.000    0.000    0.000 <frozen importlib._bootstrap_external>:84(_path_is_mode_type)
        1    0.000    0.000    0.000    0.000 <frozen importlib._bootstrap_external>:93(_path_isfile)
     9999    0.028    0.000    0.037    0.000 euler72.py:22(factorize)
        1    0.003    0.003    0.051    0.051 euler72.py:3(<module>)
        1    0.001    0.001    0.001    0.001 euler72.py:5(gen_primes)
     9999    0.010    0.000    0.047    0.000 euler72.py:51(fast_phi)
        5    0.000    0.000    0.000    0.000 {built-in method _imp.acquire_lock}
        1    0.000    0.000    0.000    0.000 {built-in method _imp.create_dynamic}
        1    0.000    0.000    0.000    0.000 {built-in method _imp.exec_dynamic}
        1    0.000    0.000    0.000    0.000 {built-in method _imp.is_builtin}
        1    0.000    0.000    0.000    0.000 {built-in method _imp.is_frozen}
        5    0.000    0.000    0.000    0.000 {built-in method _imp.release_lock}
        2    0.000    0.000    0.000    0.000 {built-in method _thread.allocate_lock}
        2    0.000    0.000    0.000    0.000 {built-in method _thread.get_ident}
        1    0.000    0.000    0.000    0.000 {built-in method builtins.any}
        1    0.000    0.000    0.051    0.051 {built-in method builtins.exec}
        6    0.000    0.000    0.000    0.000 {built-in method builtins.getattr}
       10    0.000    0.000    0.000    0.000 {built-in method builtins.hasattr}
        8    0.000    0.000    0.000    0.000 {built-in method builtins.isinstance}
    10000    0.001    0.000    0.001    0.000 {built-in method builtins.len}
        1    0.000    0.000    0.000    0.000 {built-in method builtins.print}
    99314    0.007    0.000    0.007    0.000 {built-in method math.sqrt}
        1    0.000    0.000    0.000    0.000 {built-in method posix.fspath}
        1    0.000    0.000    0.000    0.000 {built-in method posix.getcwd}
        8    0.000    0.000    0.000    0.000 {built-in method posix.stat}
    32153    0.002    0.000    0.002    0.000 {method 'append' of 'list' objects}
        1    0.000    0.000    0.000    0.000 {method 'disable' of '_lsprof.Profiler' objects}
        2    0.000    0.000    0.000    0.000 {method 'endswith' of 'str' objects}
        2    0.000    0.000    0.000    0.000 {method 'get' of 'dict' objects}
       31    0.000    0.000    0.000    0.000 {method 'join' of 'str' objects}
        9    0.000    0.000    0.000    0.000 {method 'rpartition' of 'str' objects}
       62    0.000    0.000    0.000    0.000 {method 'rstrip' of 'str' objects}


